Using pre-set license

 COMMAND LINE ARGUMENTS:
/Applications/Unity/Hub/Editor/2020.2.1f1/Unity.app/Contents/MacOS/Unity
-adb2
-batchMode
-noUpm
-name
AssetImportWorker0
-projectPath
/Users/john.rosa/Documents/GitHub/patterns
-logFile
Logs/AssetImportWorker0.log
-srvPort
62460
Successfully changed project path to: /Users/john.rosa/Documents/GitHub/patterns
/Users/john.rosa/Documents/GitHub/patterns
Using Asset Import Pipeline V2.
Refreshing native plugins compatible for Editor in 33.61 ms, found 1 plugins.
Preloading 0 native plugins for Editor in 0.00 ms.
Initialize engine version: 2020.2.1f1 (270dd8c3da1c)
[Subsystems] Discovering subsystems at path /Applications/Unity/Hub/Editor/2020.2.1f1/Unity.app/Contents/Resources/UnitySubsystems
[Subsystems] Discovering subsystems at path /Users/john.rosa/Documents/GitHub/patterns/Assets
GfxDevice: creating device client; threaded=0
2021-01-13 08:59:03.495 Unity[1339:168647084] Color LCD preferred device: AMD Radeon Pro 5300M (high power)
2021-01-13 08:59:03.495 Unity[1339:168647084] Metal devices available: 2
2021-01-13 08:59:03.495 Unity[1339:168647084] 0: AMD Radeon Pro 5300M (high power)
2021-01-13 08:59:03.496 Unity[1339:168647084] 1: Intel(R) UHD Graphics 630 (low power)
2021-01-13 08:59:03.496 Unity[1339:168647084] Using device AMD Radeon Pro 5300M (high power)
Initializing Metal device caps: AMD Radeon Pro 5300M
Initialize mono
Mono path[0] = '/Applications/Unity/Hub/Editor/2020.2.1f1/Unity.app/Contents/Managed'
Mono path[1] = '/Applications/Unity/Hub/Editor/2020.2.1f1/Unity.app/Contents/MonoBleedingEdge/lib/mono/unityjit'
Mono config path = '/Applications/Unity/Hub/Editor/2020.2.1f1/Unity.app/Contents/MonoBleedingEdge/etc'
Using monoOptions --debugger-agent=transport=dt_socket,embedding=1,server=y,suspend=n,address=127.0.0.1:56339
Begin MonoManager ReloadAssembly
Registering precompiled unity dll's ...
Register platform support module: /Applications/Unity/Hub/Editor/2020.2.1f1/PlaybackEngines/WebGLSupport/UnityEditor.WebGL.Extensions.dll
Register platform support module: /Applications/Unity/Hub/Editor/2020.2.1f1/Unity.app/Contents/PlaybackEngines/MacStandaloneSupport/UnityEditor.OSXStandalone.Extensions.dll
Register platform support module: /Applications/Unity/Hub/Editor/2020.2.1f1/PlaybackEngines/WindowsStandaloneSupport/UnityEditor.WindowsStandalone.Extensions.dll
Register platform support module: /Applications/Unity/Hub/Editor/2020.2.1f1/PlaybackEngines/LinuxStandaloneSupport/UnityEditor.LinuxStandalone.Extensions.dll
Registered in 0.001467 seconds.
Native extension for LinuxStandalone target not found
Native extension for WindowsStandalone target not found
Native extension for OSXStandalone target not found
Native extension for WebGL target not found
Refreshing native plugins compatible for Editor in 35.78 ms, found 1 plugins.
Preloading 0 native plugins for Editor in 0.00 ms.
Invoked RoslynAnalysisRunner static constructor.
RoslynAnalysisRunner will not be running.
RoslynAnalysisRunner has terminated.
Mono: successfully reloaded assembly
- Completed reload, in  3.985 seconds
Platform modules already initialized, skipping
Registering precompiled user dll's ...
Registered in 0.000535 seconds.
Begin MonoManager ReloadAssembly
Native extension for LinuxStandalone target not found
Native extension for WindowsStandalone target not found
Native extension for OSXStandalone target not found
Native extension for WebGL target not found
Refreshing native plugins compatible for Editor in 0.22 ms, found 1 plugins.
Preloading 0 native plugins for Editor in 0.00 ms.
Invoked RoslynAnalysisRunner static constructor.
RoslynAnalysisRunner will not be running.
RoslynAnalysisRunner has terminated.
Mono: successfully reloaded assembly
- Completed reload, in  1.484 seconds
Platform modules already initialized, skipping
========================================================================
Worker process is ready to serve import requests
Launching external process: /Applications/Unity/Hub/Editor/2020.2.1f1/Unity.app/Contents/Tools/UnityShaderCompiler
Launched and connected shader compiler UnityShaderCompiler after 0.02 seconds
Refreshing native plugins compatible for Editor in 0.22 ms, found 1 plugins.
Preloading 0 native plugins for Editor in 0.00 ms.
Unloading 1114 Unused Serialized files (Serialized files now loaded: 0)
System memory in use before: 110.6 MB.
System memory in use after: 110.7 MB.

Unloading 9 unused Assets to reduce memory usage. Loaded Objects now: 1554.
Total: 2.793077 ms (FindLiveObjects: 0.236125 ms CreateObjectMapping: 0.056095 ms MarkObjects: 2.419029 ms  DeleteObjects: 0.079878 ms)

========================================================================
Received Import Request.
  path: Packages/com.unity.ide.visualstudio
  artifactKey: Guid(9db636ca49aa246019dd93b7c8b689f4) Importer(815301076,1909f56bfc062723c751e8b465ee728b)
Start importing Packages/com.unity.ide.visualstudio using Guid(9db636ca49aa246019dd93b7c8b689f4) Importer(815301076,1909f56bfc062723c751e8b465ee728b)  -> (artifact id: '281d9113a99d110e7017918a1ad8322c') in 0.004327 seconds
  Import took 0.006995 seconds .

========================================================================
Received Import Request.
  Time since last request: 0.000210 seconds.
  path: Packages/com.unity.ext.nunit
  artifactKey: Guid(25a477c2f24db8778a4179421a32cc21) Importer(815301076,1909f56bfc062723c751e8b465ee728b)
Start importing Packages/com.unity.ext.nunit using Guid(25a477c2f24db8778a4179421a32cc21) Importer(815301076,1909f56bfc062723c751e8b465ee728b)  -> (artifact id: '5337a1da7daf2e818776aafbf7f161de') in 0.000964 seconds
  Import took 0.002780 seconds .

========================================================================
Received Import Request.
  Time since last request: 0.000187 seconds.
  path: Packages/com.unity.collab-proxy
  artifactKey: Guid(1adad61bfb44214ee3e887b5febc4396) Importer(815301076,1909f56bfc062723c751e8b465ee728b)
Start importing Packages/com.unity.collab-proxy using Guid(1adad61bfb44214ee3e887b5febc4396) Importer(815301076,1909f56bfc062723c751e8b465ee728b)  -> (artifact id: 'b554cba11dec5d16e74c90640845aec3') in 0.000811 seconds
  Import took 0.002377 seconds .

========================================================================
Received Import Request.
  Time since last request: 0.000196 seconds.
  path: Packages/com.unity.ide.vscode
  artifactKey: Guid(1c61a04a5b7737c4d16673d64be4194e) Importer(815301076,1909f56bfc062723c751e8b465ee728b)
Start importing Packages/com.unity.ide.vscode using Guid(1c61a04a5b7737c4d16673d64be4194e) Importer(815301076,1909f56bfc062723c751e8b465ee728b)  -> (artifact id: 'd108b62a81ef989655a7367f3ebdd231') in 0.001140 seconds
  Import took 0.003374 seconds .

========================================================================
Received Import Request.
  Time since last request: 0.000219 seconds.
  path: Packages/com.unity.test-framework
  artifactKey: Guid(6023f2b823fc19b4e4a90875281ff117) Importer(815301076,1909f56bfc062723c751e8b465ee728b)
Start importing Packages/com.unity.test-framework using Guid(6023f2b823fc19b4e4a90875281ff117) Importer(815301076,1909f56bfc062723c751e8b465ee728b)  -> (artifact id: 'a30c742c2e5625e7bebd1ed8c8447c10') in 0.001177 seconds
  Import took 0.003703 seconds .

========================================================================
Received Import Request.
  Time since last request: 0.000183 seconds.
  path: Packages/com.unity.ugui
  artifactKey: Guid(8f7652e09069a1943278893d4264401e) Importer(815301076,1909f56bfc062723c751e8b465ee728b)
Start importing Packages/com.unity.ugui using Guid(8f7652e09069a1943278893d4264401e) Importer(815301076,1909f56bfc062723c751e8b465ee728b)  -> (artifact id: '5f12727a74f0ad2c306c9e0879ff7650') in 0.001172 seconds
  Import took 0.003257 seconds .

========================================================================
Received Import Request.
  Time since last request: 0.000211 seconds.
  path: Packages/com.unity.ide.rider
  artifactKey: Guid(ea5aa18a49e4f29d74984ea0ea11a238) Importer(815301076,1909f56bfc062723c751e8b465ee728b)
Start importing Packages/com.unity.ide.rider using Guid(ea5aa18a49e4f29d74984ea0ea11a238) Importer(815301076,1909f56bfc062723c751e8b465ee728b)  -> (artifact id: '267cd1ab4a390fbf55d92344986d65f3') in 0.000872 seconds
  Import took 0.002679 seconds .

========================================================================
Received Import Request.
  Time since last request: 0.000202 seconds.
  path: Packages/com.unity.textmeshpro
  artifactKey: Guid(cabaa672b0e3ee91fa7b6da4daab7970) Importer(815301076,1909f56bfc062723c751e8b465ee728b)
Start importing Packages/com.unity.textmeshpro using Guid(cabaa672b0e3ee91fa7b6da4daab7970) Importer(815301076,1909f56bfc062723c751e8b465ee728b)  -> (artifact id: '2d7f11a376e6bb38ab008f45cabe9235') in 0.001007 seconds
  Import took 0.003247 seconds .

========================================================================
Received Import Request.
  Time since last request: 0.000212 seconds.
  path: Packages/com.unity.timeline
  artifactKey: Guid(a4610cf559d77b9f256416d9ccaeac55) Importer(815301076,1909f56bfc062723c751e8b465ee728b)
Start importing Packages/com.unity.timeline using Guid(a4610cf559d77b9f256416d9ccaeac55) Importer(815301076,1909f56bfc062723c751e8b465ee728b)  -> (artifact id: '40315ac59e75bf1a895893519f859037') in 0.001228 seconds
  Import took 0.003548 seconds .

========================================================================
Received Import Request.
  Time since last request: 2.340626 seconds.
  path: Assets/Patterns
  artifactKey: Guid(5d00ee6880f22447baf3fadd88fab72a) Importer(815301076,1909f56bfc062723c751e8b465ee728b)
Start importing Assets/Patterns using Guid(5d00ee6880f22447baf3fadd88fab72a) Importer(815301076,1909f56bfc062723c751e8b465ee728b)  -> (artifact id: 'ba1edd65503df03ee42d3c027c629280') in 0.001073 seconds
  Import took 0.003325 seconds .

========================================================================
Received Import Request.
  Time since last request: 0.826074 seconds.
  path: Assets/Patterns/Editor
  artifactKey: Guid(9f6ceac0c4fcb514fbdf1af29de233b3) Importer(815301076,1909f56bfc062723c751e8b465ee728b)
Start importing Assets/Patterns/Editor using Guid(9f6ceac0c4fcb514fbdf1af29de233b3) Importer(815301076,1909f56bfc062723c751e8b465ee728b)  -> (artifact id: 'ff8530ac151e8b01397603b1e865f0ed') in 0.001079 seconds
  Import took 0.003758 seconds .

========================================================================
Received Import Request.
  Time since last request: 3.244053 seconds.
  path: Assets
  artifactKey: Guid(00000000000000001000000000000000) Importer(815301076,1909f56bfc062723c751e8b465ee728b)
Start importing Assets using Guid(00000000000000001000000000000000) Importer(815301076,1909f56bfc062723c751e8b465ee728b)  -> (artifact id: 'e1a2c4dac9df7c17871e19a3b74f0e9f') in 0.001191 seconds
  Import took 0.003886 seconds .

